# JRE version: OpenJDK Runtime Environment Corretto-17.0.4.8.1 (17.0.4+8) (build 17.0.4+8-LTS)
# Java VM: OpenJDK 64-Bit Server VM Corretto-17.0.4.8.1 (17.0.4+8-LTS, mixed mode, sharing, tiered, compressed oops, compressed class ptrs, g1 gc, windows-amd64)
GC Precious Log:
 CPUs: 8 total, 8 available
 Memory: 16149M
 Large Page Support: Disabled
 NUMA Support: Disabled
 Compressed Oops: Enabled (Zero based)
 Heap Region Size: 2M
 Heap Min Capacity: 8M
 Heap Initial Capacity: 254M
 Heap Max Capacity: 3G
 Pre-touch: Disabled
 Parallel Workers: 8
 Concurrent Workers: 2
 Concurrent Refinement Workers: 8
 Periodic GC: Disabled
Heap:
 garbage-first heap   total 325632K, used 132447K [0x0000000740000000, 0x0000000800000000)
  region size 2048K, 13 young (26624K), 6 survivors (12288K)
 Metaspace       used 72485K, committed 73152K, reserved 1114112K
  class space    used 9801K, committed 10112K, reserved 1048576K
GC Heap History (20 events):
Event: 17.220 GC heap before
{Heap before GC invocations=23 (full 0):
 garbage-first heap   total 122880K, used 88717K [0x0000000740000000, 0x0000000800000000)
  region size 2048K, 10 young (20480K), 1 survivors (2048K)
 Metaspace       used 56920K, committed 57472K, reserved 1105920K
  class space    used 7803K, committed 8064K, reserved 1048576K
}
Event: 17.222 GC heap after
{Heap after GC invocations=24 (full 0):
 garbage-first heap   total 122880K, used 50582K [0x0000000740000000, 0x0000000800000000)
  region size 2048K, 2 young (4096K), 2 survivors (4096K)
 Metaspace       used 56920K, committed 57472K, reserved 1105920K
  class space    used 7803K, committed 8064K, reserved 1048576K
}
Event: 17.263 GC heap before
{Heap before GC invocations=24 (full 0):
 garbage-first heap   total 122880K, used 79254K [0x0000000740000000, 0x0000000800000000)
  region size 2048K, 6 young (12288K), 2 survivors (4096K)
 Metaspace       used 56939K, committed 57472K, reserved 1105920K
  class space    used 7803K, committed 8064K, reserved 1048576K
}
Event: 17.266 GC heap after
{Heap after GC invocations=25 (full 0):
 garbage-first heap   total 122880K, used 50640K [0x0000000740000000, 0x0000000800000000)
  region size 2048K, 2 young (4096K), 2 survivors (4096K)
 Metaspace       used 56939K, committed 57472K, reserved 1105920K
  class space    used 7803K, committed 8064K, reserved 1048576K
}
Event: 17.272 GC heap before
{Heap before GC invocations=25 (full 0):
 garbage-first heap   total 122880K, used 52688K [0x0000000740000000, 0x0000000800000000)
  region size 2048K, 3 young (6144K), 2 survivors (4096K)
 Metaspace       used 56939K, committed 57472K, reserved 1105920K
  class space    used 7803K, committed 8064K, reserved 1048576K
}
Event: 17.275 GC heap after
{Heap after GC invocations=26 (full 0):
 garbage-first heap   total 122880K, used 50536K [0x0000000740000000, 0x0000000800000000)
  region size 2048K, 2 young (4096K), 2 survivors (4096K)
 Metaspace       used 56939K, committed 57472K, reserved 1105920K
  class space    used 7803K, committed 8064K, reserved 1048576K
}
Event: 17.332 GC heap before
{Heap before GC invocations=26 (full 0):
 garbage-first heap   total 122880K, used 73064K [0x0000000740000000, 0x0000000800000000)
  region size 2048K, 3 young (6144K), 2 survivors (4096K)
 Metaspace       used 56939K, committed 57472K, reserved 1105920K
  class space    used 7803K, committed 8064K, reserved 1048576K
}
Event: 17.336 GC heap after
{Heap after GC invocations=27 (full 0):
 garbage-first heap   total 249856K, used 50650K [0x0000000740000000, 0x0000000800000000)
  region size 2048K, 2 young (4096K), 2 survivors (4096K)
 Metaspace       used 56939K, committed 57472K, reserved 1105920K
  class space    used 7803K, committed 8064K, reserved 1048576K
}
Event: 17.658 GC heap before
{Heap before GC invocations=27 (full 0):
 garbage-first heap   total 249856K, used 122330K [0x0000000740000000, 0x0000000800000000)
  region size 2048K, 7 young (14336K), 2 survivors (4096K)
 Metaspace       used 57467K, committed 57984K, reserved 1105920K
  class space    used 7872K, committed 8128K, reserved 1048576K
}
Event: 17.662 GC heap after
{Heap after GC invocations=28 (full 0):
 garbage-first heap   total 249856K, used 51035K [0x0000000740000000, 0x0000000800000000)
  region size 2048K, 2 young (4096K), 2 survivors (4096K)
 Metaspace       used 57467K, committed 57984K, reserved 1105920K
  class space    used 7872K, committed 8128K, reserved 1048576K
}
Event: 17.893 GC heap before
{Heap before GC invocations=28 (full 0):
 garbage-first heap   total 249856K, used 124763K [0x0000000740000000, 0x0000000800000000)
  region size 2048K, 8 young (16384K), 2 survivors (4096K)
 Metaspace       used 57589K, committed 58176K, reserved 1105920K
  class space    used 7872K, committed 8128K, reserved 1048576K
}
Event: 17.897 GC heap after
{Heap after GC invocations=29 (full 0):
 garbage-first heap   total 249856K, used 59313K [0x0000000740000000, 0x0000000800000000)
  region size 2048K, 2 young (4096K), 2 survivors (4096K)
 Metaspace       used 57589K, committed 58176K, reserved 1105920K
  class space    used 7872K, committed 8128K, reserved 1048576K
}
Event: 17.974 GC heap before
{Heap before GC invocations=29 (full 0):
 garbage-first heap   total 249856K, used 114609K [0x0000000740000000, 0x0000000800000000)
  region size 2048K, 4 young (8192K), 2 survivors (4096K)
 Metaspace       used 57594K, committed 58176K, reserved 1105920K
  class space    used 7872K, committed 8128K, reserved 1048576K
}
Event: 17.977 GC heap after
{Heap after GC invocations=30 (full 0):
 garbage-first heap   total 249856K, used 51163K [0x0000000740000000, 0x0000000800000000)
  region size 2048K, 2 young (4096K), 2 survivors (4096K)
 Metaspace       used 57594K, committed 58176K, reserved 1105920K
  class space    used 7872K, committed 8128K, reserved 1048576K
}
Event: 19.353 GC heap before
{Heap before GC invocations=30 (full 0):
 garbage-first heap   total 249856K, used 204763K [0x0000000740000000, 0x0000000800000000)
  region size 2048K, 73 young (149504K), 2 survivors (4096K)
 Metaspace       used 61272K, committed 61888K, reserved 1105920K
  class space    used 8458K, committed 8768K, reserved 1048576K
}
Event: 19.377 GC heap after
{Heap after GC invocations=31 (full 0):
 garbage-first heap   total 319488K, used 77763K [0x0000000740000000, 0x0000000800000000)
  region size 2048K, 10 young (20480K), 10 survivors (20480K)
 Metaspace       used 61272K, committed 61888K, reserved 1105920K
  class space    used 8458K, committed 8768K, reserved 1048576K
}
Event: 22.420 GC heap before
{Heap before GC invocations=31 (full 0):
 garbage-first heap   total 319488K, used 266179K [0x0000000740000000, 0x0000000800000000)
  region size 2048K, 93 young (190464K), 10 survivors (20480K)
 Metaspace       used 68895K, committed 69504K, reserved 1114112K
  class space    used 9379K, committed 9664K, reserved 1048576K
}
Event: 22.447 GC heap after
{Heap after GC invocations=32 (full 0):
 garbage-first heap   total 325632K, used 125349K [0x0000000740000000, 0x0000000800000000)
  region size 2048K, 12 young (24576K), 12 survivors (24576K)
 Metaspace       used 68895K, committed 69504K, reserved 1114112K
  class space    used 9379K, committed 9664K, reserved 1048576K
}
Event: 24.210 GC heap before
{Heap before GC invocations=32 (full 0):
 garbage-first heap   total 325632K, used 237989K [0x0000000740000000, 0x0000000800000000)
  region size 2048K, 68 young (139264K), 12 survivors (24576K)
 Metaspace       used 72201K, committed 72832K, reserved 1114112K
  class space    used 9774K, committed 10048K, reserved 1048576K
}
Event: 24.224 GC heap after
{Heap after GC invocations=33 (full 0):
 garbage-first heap   total 325632K, used 122207K [0x0000000740000000, 0x0000000800000000)
  region size 2048K, 6 young (12288K), 6 survivors (12288K)
 Metaspace       used 72201K, committed 72832K, reserved 1114112K
  class space    used 9774K, committed 10048K, reserved 1048576K
}

